2026-01-02 14:13:10,371 INFO o.a.j.u.JMeterUtils: Setting Locale to en_EN
2026-01-02 14:13:10,688 INFO o.a.j.JMeter: Loading user properties from: C:\Users\testing\Downloads\apache-jmeter-5.6.3\bin\user.properties
2026-01-02 14:13:10,691 INFO o.a.j.JMeter: Loading system properties from: C:\Users\testing\Downloads\apache-jmeter-5.6.3\bin\system.properties
2026-01-02 14:13:10,714 INFO o.a.j.JMeter: Copyright (c) 1998-2024 The Apache Software Foundation
2026-01-02 14:13:10,714 INFO o.a.j.JMeter: Version 5.6.3
2026-01-02 14:13:10,715 INFO o.a.j.JMeter: java.version=21.0.9
2026-01-02 14:13:10,715 INFO o.a.j.JMeter: java.vm.name=Java HotSpot(TM) 64-Bit Server VM
2026-01-02 14:13:10,716 INFO o.a.j.JMeter: os.name=Windows 11
2026-01-02 14:13:10,716 INFO o.a.j.JMeter: os.arch=amd64
2026-01-02 14:13:10,717 INFO o.a.j.JMeter: os.version=10.0
2026-01-02 14:13:10,717 INFO o.a.j.JMeter: file.encoding=UTF-8
2026-01-02 14:13:10,717 INFO o.a.j.JMeter: java.awt.headless=null
2026-01-02 14:13:10,718 INFO o.a.j.JMeter: Max memory     =1073741824
2026-01-02 14:13:10,718 INFO o.a.j.JMeter: Available Processors =8
2026-01-02 14:13:10,752 INFO o.a.j.JMeter: Default Locale=English (EN)
2026-01-02 14:13:10,753 INFO o.a.j.JMeter: JMeter  Locale=English (EN)
2026-01-02 14:13:10,753 INFO o.a.j.JMeter: JMeterHome=C:\Users\testing\Downloads\apache-jmeter-5.6.3
2026-01-02 14:13:10,754 INFO o.a.j.JMeter: user.dir  =C:\Users\testing\RevatureTraining\jmeter-test-plan-sharavudayagiri
2026-01-02 14:13:10,755 INFO o.a.j.JMeter: PWD       =C:\Users\testing\RevatureTraining\jmeter-test-plan-sharavudayagiri
2026-01-02 14:13:10,854 INFO o.a.j.JMeter: IP: 192.168.0.12 Name: LAPTOP-F3J7T728 FullName: LAPTOP-F3J7T728.lan
2026-01-02 14:13:10,931 INFO o.a.j.JMeter: Loaded icon properties from org/apache/jmeter/images/icon.properties
2026-01-02 14:13:12,331 INFO o.a.j.JMeterGuiLauncher: Setting LAF to: com.github.weisj.darklaf.DarkLaf:com.github.weisj.darklaf.theme.DarculaTheme
2026-01-02 14:16:19,581 INFO o.a.j.p.h.s.HTTPSamplerBase: Parser for text/html is org.apache.jmeter.protocol.http.parser.LagartoBasedHtmlParser
2026-01-02 14:16:19,582 INFO o.a.j.p.h.s.HTTPSamplerBase: Parser for application/xhtml+xml is org.apache.jmeter.protocol.http.parser.LagartoBasedHtmlParser
2026-01-02 14:16:19,582 INFO o.a.j.p.h.s.HTTPSamplerBase: Parser for application/xml is org.apache.jmeter.protocol.http.parser.LagartoBasedHtmlParser
2026-01-02 14:16:19,582 INFO o.a.j.p.h.s.HTTPSamplerBase: Parser for text/xml is org.apache.jmeter.protocol.http.parser.LagartoBasedHtmlParser
2026-01-02 14:16:19,582 INFO o.a.j.p.h.s.HTTPSamplerBase: Parser for text/vnd.wap.wml is org.apache.jmeter.protocol.http.parser.RegexpHTMLParser
2026-01-02 14:16:19,582 INFO o.a.j.p.h.s.HTTPSamplerBase: Parser for text/css is org.apache.jmeter.protocol.http.parser.CssParser
2026-01-02 14:26:58,157 INFO o.a.j.s.SampleResult: Note: Sample TimeStamps are START times
2026-01-02 14:26:58,157 INFO o.a.j.s.SampleResult: sampleresult.default.encoding is set to UTF-8
2026-01-02 14:26:58,157 INFO o.a.j.s.SampleResult: sampleresult.useNanoTime=true
2026-01-02 14:26:58,157 INFO o.a.j.s.SampleResult: sampleresult.nanoThreadSleep=5000
2026-01-02 14:29:01,871 INFO o.a.j.s.FileServer: Default base='C:\Users\testing\RevatureTraining\jmeter-test-plan-sharavudayagiri'
2026-01-02 14:29:01,872 INFO o.a.j.s.FileServer: Set new base='C:\Users\testing\RevatureTraining\jmeter-test-plan-sharavudayagiri'
2026-01-02 14:29:02,212 INFO o.a.j.s.SaveService: Testplan (JMX) version: 2.2. Testlog (JTL) version: 2.2
2026-01-02 14:29:02,263 INFO o.a.j.s.SaveService: Using SaveService properties version 5.0
2026-01-02 14:29:02,265 INFO o.a.j.s.SaveService: Using SaveService properties file encoding UTF-8
2026-01-02 14:29:12,777 INFO o.a.j.e.StandardJMeterEngine: Running the test!
2026-01-02 14:29:12,778 INFO o.a.j.s.SampleEvent: List of sample_variables: []
2026-01-02 14:29:12,778 INFO o.a.j.s.SampleEvent: List of sample_variables: []
2026-01-02 14:29:12,781 INFO o.a.j.e.u.CompoundVariable: Note: Function class names must contain the string: '.functions.'
2026-01-02 14:29:12,781 INFO o.a.j.e.u.CompoundVariable: Note: Function class names must not contain the string: '.gui.'
2026-01-02 14:29:12,884 INFO o.a.j.g.u.JMeterMenuBar: setRunning(true, *local*)
2026-01-02 14:29:12,951 INFO o.a.j.e.StandardJMeterEngine: Starting ThreadGroup: 1 : Thread Group
2026-01-02 14:29:12,951 INFO o.a.j.e.StandardJMeterEngine: Starting 10 threads for group Thread Group.
2026-01-02 14:29:12,951 INFO o.a.j.e.StandardJMeterEngine: Thread will continue on error
2026-01-02 14:29:12,952 INFO o.a.j.t.ThreadGroup: Starting thread group... number=1 threads=10 ramp-up=5 delayedStart=false
2026-01-02 14:29:12,959 INFO o.a.j.t.JMeterThread: Thread started: Thread Group 1-1
2026-01-02 14:29:12,965 INFO o.a.j.t.ThreadGroup: Started thread group number 1
2026-01-02 14:29:12,965 INFO o.a.j.e.StandardJMeterEngine: All thread groups have been started
2026-01-02 14:29:12,985 INFO o.a.j.t.JMeterThread: Thread is done: Thread Group 1-1
2026-01-02 14:29:12,985 INFO o.a.j.t.JMeterThread: Thread finished: Thread Group 1-1
2026-01-02 14:29:13,455 INFO o.a.j.t.JMeterThread: Thread started: Thread Group 1-2
2026-01-02 14:29:13,463 INFO o.a.j.t.JMeterThread: Thread is done: Thread Group 1-2
2026-01-02 14:29:13,464 INFO o.a.j.t.JMeterThread: Thread finished: Thread Group 1-2
2026-01-02 14:29:13,955 INFO o.a.j.t.JMeterThread: Thread started: Thread Group 1-3
2026-01-02 14:29:13,962 INFO o.a.j.t.JMeterThread: Thread is done: Thread Group 1-3
2026-01-02 14:29:13,962 INFO o.a.j.t.JMeterThread: Thread finished: Thread Group 1-3
2026-01-02 14:29:14,456 INFO o.a.j.t.JMeterThread: Thread started: Thread Group 1-4
2026-01-02 14:29:14,461 INFO o.a.j.t.JMeterThread: Thread is done: Thread Group 1-4
2026-01-02 14:29:14,462 INFO o.a.j.t.JMeterThread: Thread finished: Thread Group 1-4
2026-01-02 14:29:14,955 INFO o.a.j.t.JMeterThread: Thread started: Thread Group 1-5
2026-01-02 14:29:14,961 INFO o.a.j.t.JMeterThread: Thread is done: Thread Group 1-5
2026-01-02 14:29:14,961 INFO o.a.j.t.JMeterThread: Thread finished: Thread Group 1-5
2026-01-02 14:29:15,454 INFO o.a.j.t.JMeterThread: Thread started: Thread Group 1-6
2026-01-02 14:29:15,462 INFO o.a.j.t.JMeterThread: Thread is done: Thread Group 1-6
2026-01-02 14:29:15,462 INFO o.a.j.t.JMeterThread: Thread finished: Thread Group 1-6
2026-01-02 14:29:15,954 INFO o.a.j.t.JMeterThread: Thread started: Thread Group 1-7
2026-01-02 14:29:15,963 INFO o.a.j.t.JMeterThread: Thread is done: Thread Group 1-7
2026-01-02 14:29:15,963 INFO o.a.j.t.JMeterThread: Thread finished: Thread Group 1-7
2026-01-02 14:29:16,454 INFO o.a.j.t.JMeterThread: Thread started: Thread Group 1-8
2026-01-02 14:29:16,464 INFO o.a.j.t.JMeterThread: Thread is done: Thread Group 1-8
2026-01-02 14:29:16,464 INFO o.a.j.t.JMeterThread: Thread finished: Thread Group 1-8
2026-01-02 14:29:16,954 INFO o.a.j.t.JMeterThread: Thread started: Thread Group 1-9
2026-01-02 14:29:16,961 INFO o.a.j.t.JMeterThread: Thread is done: Thread Group 1-9
2026-01-02 14:29:16,961 INFO o.a.j.t.JMeterThread: Thread finished: Thread Group 1-9
2026-01-02 14:29:17,455 INFO o.a.j.t.JMeterThread: Thread started: Thread Group 1-10
2026-01-02 14:29:17,463 INFO o.a.j.t.JMeterThread: Thread is done: Thread Group 1-10
2026-01-02 14:29:17,463 INFO o.a.j.t.JMeterThread: Thread finished: Thread Group 1-10
2026-01-02 14:29:17,463 INFO o.a.j.e.StandardJMeterEngine: Notifying test listeners of end of test
2026-01-02 14:29:17,464 INFO o.a.j.g.u.JMeterMenuBar: setRunning(false, *local*)
2026-01-02 14:33:34,969 INFO o.a.j.e.StandardJMeterEngine: Running the test!
2026-01-02 14:33:34,971 INFO o.a.j.s.SampleEvent: List of sample_variables: []
2026-01-02 14:33:34,972 INFO o.a.j.g.u.JMeterMenuBar: setRunning(true, *local*)
2026-01-02 14:33:35,021 INFO o.a.j.e.StandardJMeterEngine: Starting ThreadGroup: 1 : Thread Group
2026-01-02 14:33:35,023 INFO o.a.j.e.StandardJMeterEngine: Starting 10 threads for group Thread Group.
2026-01-02 14:33:35,023 INFO o.a.j.e.StandardJMeterEngine: Thread will continue on error
2026-01-02 14:33:35,023 INFO o.a.j.t.ThreadGroup: Starting thread group... number=1 threads=10 ramp-up=5 delayedStart=false
2026-01-02 14:33:35,025 INFO o.a.j.t.JMeterThread: Thread started: Thread Group 1-1
2026-01-02 14:33:35,031 INFO o.a.j.t.ThreadGroup: Started thread group number 1
2026-01-02 14:33:35,031 INFO o.a.j.e.StandardJMeterEngine: All thread groups have been started
2026-01-02 14:33:35,043 INFO o.a.j.p.h.s.HTTPHCAbstractImpl: Local host = LAPTOP-F3J7T728
2026-01-02 14:33:35,055 INFO o.a.j.p.h.s.HTTPHC4Impl: HTTP request retry count = 0
2026-01-02 14:33:35,201 INFO o.a.j.p.h.s.h.LazyLayeredConnectionSocketFactory: Setting up HTTPS TrustAll Socket Factory
2026-01-02 14:33:35,209 INFO o.a.j.u.JsseSSLManager: Using default SSL protocol: TLS
2026-01-02 14:33:35,209 INFO o.a.j.u.JsseSSLManager: SSL session context: per-thread
2026-01-02 14:33:35,397 INFO o.a.j.u.SSLManager: JmeterKeyStore Location:  type JKS
2026-01-02 14:33:35,403 INFO o.a.j.u.SSLManager: KeyStore created OK
2026-01-02 14:33:35,403 WARN o.a.j.u.SSLManager: Keystore file not found, loading empty keystore
2026-01-02 14:33:35,525 INFO o.a.j.t.JMeterThread: Thread started: Thread Group 1-2
2026-01-02 14:33:36,025 INFO o.a.j.t.JMeterThread: Thread started: Thread Group 1-3
2026-01-02 14:33:36,525 INFO o.a.j.t.JMeterThread: Thread started: Thread Group 1-4
2026-01-02 14:33:37,024 INFO o.a.j.t.JMeterThread: Thread started: Thread Group 1-5
2026-01-02 14:33:37,524 INFO o.a.j.t.JMeterThread: Thread started: Thread Group 1-6
2026-01-02 14:33:38,025 INFO o.a.j.t.JMeterThread: Thread started: Thread Group 1-7
2026-01-02 14:33:38,525 INFO o.a.j.t.JMeterThread: Thread started: Thread Group 1-8
2026-01-02 14:33:39,025 INFO o.a.j.t.JMeterThread: Thread started: Thread Group 1-9
2026-01-02 14:33:39,524 INFO o.a.j.t.JMeterThread: Thread started: Thread Group 1-10
2026-01-02 14:33:40,943 INFO o.a.j.t.JMeterThread: Thread is done: Thread Group 1-1
2026-01-02 14:33:40,943 INFO o.a.j.t.JMeterThread: Thread finished: Thread Group 1-1
2026-01-02 14:33:41,161 INFO o.a.j.t.JMeterThread: Thread is done: Thread Group 1-3
2026-01-02 14:33:41,161 INFO o.a.j.t.JMeterThread: Thread finished: Thread Group 1-3
2026-01-02 14:33:41,190 INFO o.a.j.t.JMeterThread: Thread is done: Thread Group 1-4
2026-01-02 14:33:41,190 INFO o.a.j.t.JMeterThread: Thread finished: Thread Group 1-4
2026-01-02 14:33:41,972 INFO o.a.j.t.JMeterThread: Thread is done: Thread Group 1-2
2026-01-02 14:33:41,972 INFO o.a.j.t.JMeterThread: Thread finished: Thread Group 1-2
2026-01-02 14:33:42,896 INFO o.a.j.t.JMeterThread: Thread is done: Thread Group 1-7
2026-01-02 14:33:42,896 INFO o.a.j.t.JMeterThread: Thread finished: Thread Group 1-7
2026-01-02 14:33:43,024 INFO o.a.j.t.JMeterThread: Thread is done: Thread Group 1-6
2026-01-02 14:33:43,024 INFO o.a.j.t.JMeterThread: Thread finished: Thread Group 1-6
2026-01-02 14:33:43,610 INFO o.a.j.t.JMeterThread: Thread is done: Thread Group 1-5
2026-01-02 14:33:43,610 INFO o.a.j.t.JMeterThread: Thread finished: Thread Group 1-5
2026-01-02 14:33:44,189 INFO o.a.j.t.JMeterThread: Thread is done: Thread Group 1-9
2026-01-02 14:33:44,189 INFO o.a.j.t.JMeterThread: Thread finished: Thread Group 1-9
2026-01-02 14:33:44,484 INFO o.a.j.t.JMeterThread: Thread is done: Thread Group 1-8
2026-01-02 14:33:44,484 INFO o.a.j.t.JMeterThread: Thread finished: Thread Group 1-8
2026-01-02 14:33:44,884 INFO o.a.j.t.JMeterThread: Thread is done: Thread Group 1-10
2026-01-02 14:33:44,884 INFO o.a.j.t.JMeterThread: Thread finished: Thread Group 1-10
2026-01-02 14:33:44,886 INFO o.a.j.e.StandardJMeterEngine: Notifying test listeners of end of test
2026-01-02 14:33:44,886 INFO o.a.j.g.u.JMeterMenuBar: setRunning(false, *local*)
2026-01-02 14:36:24,374 INFO o.a.j.e.StandardJMeterEngine: Running the test!
2026-01-02 14:36:24,375 INFO o.a.j.s.SampleEvent: List of sample_variables: []
2026-01-02 14:36:24,375 INFO o.a.j.g.u.JMeterMenuBar: setRunning(true, *local*)
2026-01-02 14:36:24,443 INFO o.a.j.e.StandardJMeterEngine: Starting ThreadGroup: 1 : Thread Group
2026-01-02 14:36:24,443 INFO o.a.j.e.StandardJMeterEngine: Starting 10 threads for group Thread Group.
2026-01-02 14:36:24,443 INFO o.a.j.e.StandardJMeterEngine: Thread will continue on error
2026-01-02 14:36:24,443 INFO o.a.j.t.ThreadGroup: Starting thread group... number=1 threads=10 ramp-up=5 delayedStart=false
2026-01-02 14:36:24,446 INFO o.a.j.t.JMeterThread: Thread started: Thread Group 1-1
2026-01-02 14:36:24,451 INFO o.a.j.t.ThreadGroup: Started thread group number 1
2026-01-02 14:36:24,452 INFO o.a.j.e.StandardJMeterEngine: All thread groups have been started
2026-01-02 14:36:24,944 INFO o.a.j.t.JMeterThread: Thread started: Thread Group 1-2
2026-01-02 14:36:25,446 INFO o.a.j.t.JMeterThread: Thread started: Thread Group 1-3
2026-01-02 14:36:25,944 INFO o.a.j.t.JMeterThread: Thread started: Thread Group 1-4
2026-01-02 14:36:26,444 INFO o.a.j.t.JMeterThread: Thread started: Thread Group 1-5
2026-01-02 14:36:26,949 INFO o.a.j.t.JMeterThread: Thread started: Thread Group 1-6
2026-01-02 14:36:27,448 INFO o.a.j.t.JMeterThread: Thread started: Thread Group 1-7
2026-01-02 14:36:27,950 INFO o.a.j.t.JMeterThread: Thread started: Thread Group 1-8
2026-01-02 14:36:28,448 INFO o.a.j.t.JMeterThread: Thread started: Thread Group 1-9
2026-01-02 14:36:28,958 INFO o.a.j.t.JMeterThread: Thread started: Thread Group 1-10
2026-01-02 14:36:30,476 INFO o.a.j.t.JMeterThread: Thread is done: Thread Group 1-1
2026-01-02 14:36:30,476 INFO o.a.j.t.JMeterThread: Thread finished: Thread Group 1-1
2026-01-02 14:36:31,024 INFO o.a.j.t.JMeterThread: Thread is done: Thread Group 1-2
2026-01-02 14:36:31,024 INFO o.a.j.t.JMeterThread: Thread finished: Thread Group 1-2
2026-01-02 14:36:31,114 INFO o.a.j.t.JMeterThread: Thread is done: Thread Group 1-3
2026-01-02 14:36:31,114 INFO o.a.j.t.JMeterThread: Thread finished: Thread Group 1-3
2026-01-02 14:36:31,669 INFO o.a.j.t.JMeterThread: Thread is done: Thread Group 1-6
2026-01-02 14:36:31,669 INFO o.a.j.t.JMeterThread: Thread finished: Thread Group 1-6
2026-01-02 14:36:31,860 INFO o.a.j.t.JMeterThread: Thread is done: Thread Group 1-4
2026-01-02 14:36:31,860 INFO o.a.j.t.JMeterThread: Thread finished: Thread Group 1-4
2026-01-02 14:36:32,310 INFO o.a.j.t.JMeterThread: Thread is done: Thread Group 1-9
2026-01-02 14:36:32,310 INFO o.a.j.t.JMeterThread: Thread finished: Thread Group 1-9
2026-01-02 14:36:32,583 INFO o.a.j.t.JMeterThread: Thread is done: Thread Group 1-5
2026-01-02 14:36:32,583 INFO o.a.j.t.JMeterThread: Thread finished: Thread Group 1-5
2026-01-02 14:36:33,092 INFO o.a.j.t.JMeterThread: Thread is done: Thread Group 1-8
2026-01-02 14:36:33,093 INFO o.a.j.t.JMeterThread: Thread finished: Thread Group 1-8
2026-01-02 14:36:33,873 INFO o.a.j.t.JMeterThread: Thread is done: Thread Group 1-7
2026-01-02 14:36:33,873 INFO o.a.j.t.JMeterThread: Thread finished: Thread Group 1-7
2026-01-02 14:36:34,707 INFO o.a.j.t.JMeterThread: Thread is done: Thread Group 1-10
2026-01-02 14:36:34,707 INFO o.a.j.t.JMeterThread: Thread finished: Thread Group 1-10
2026-01-02 14:36:34,708 INFO o.a.j.e.StandardJMeterEngine: Notifying test listeners of end of test
2026-01-02 14:36:34,708 INFO o.a.j.g.u.JMeterMenuBar: setRunning(false, *local*)
2026-01-02 14:40:57,935 INFO o.a.j.e.StandardJMeterEngine: Running the test!
2026-01-02 14:40:57,935 INFO o.a.j.s.SampleEvent: List of sample_variables: []
2026-01-02 14:40:57,937 INFO o.a.j.g.u.JMeterMenuBar: setRunning(true, *local*)
2026-01-02 14:40:57,994 INFO o.a.j.e.StandardJMeterEngine: Starting ThreadGroup: 1 : Thread Group
2026-01-02 14:40:57,994 INFO o.a.j.e.StandardJMeterEngine: Starting 10 threads for group Thread Group.
2026-01-02 14:40:57,994 INFO o.a.j.e.StandardJMeterEngine: Thread will continue on error
2026-01-02 14:40:57,994 INFO o.a.j.t.ThreadGroup: Starting thread group... number=1 threads=10 ramp-up=5 delayedStart=false
2026-01-02 14:40:57,997 INFO o.a.j.t.JMeterThread: Thread started: Thread Group 1-1
2026-01-02 14:40:58,004 INFO o.a.j.t.ThreadGroup: Started thread group number 1
2026-01-02 14:40:58,005 INFO o.a.j.e.StandardJMeterEngine: All thread groups have been started
2026-01-02 14:40:58,496 INFO o.a.j.t.JMeterThread: Thread started: Thread Group 1-2
2026-01-02 14:40:58,998 INFO o.a.j.t.JMeterThread: Thread started: Thread Group 1-3
2026-01-02 14:40:59,497 INFO o.a.j.t.JMeterThread: Thread started: Thread Group 1-4
2026-01-02 14:40:59,996 INFO o.a.j.t.JMeterThread: Thread started: Thread Group 1-5
2026-01-02 14:41:00,497 INFO o.a.j.t.JMeterThread: Thread started: Thread Group 1-6
2026-01-02 14:41:00,997 INFO o.a.j.t.JMeterThread: Thread started: Thread Group 1-7
2026-01-02 14:41:01,507 INFO o.a.j.t.JMeterThread: Thread started: Thread Group 1-8
2026-01-02 14:41:01,995 INFO o.a.j.t.JMeterThread: Thread started: Thread Group 1-9
2026-01-02 14:41:02,497 INFO o.a.j.t.JMeterThread: Thread started: Thread Group 1-10
2026-01-02 14:41:04,529 INFO o.a.j.t.JMeterThread: Thread is done: Thread Group 1-2
2026-01-02 14:41:04,529 INFO o.a.j.t.JMeterThread: Thread finished: Thread Group 1-2
2026-01-02 14:41:05,073 INFO o.a.j.t.JMeterThread: Thread is done: Thread Group 1-3
2026-01-02 14:41:05,074 INFO o.a.j.t.JMeterThread: Thread finished: Thread Group 1-3
2026-01-02 14:41:05,912 INFO o.a.j.t.JMeterThread: Thread is done: Thread Group 1-4
2026-01-02 14:41:05,912 INFO o.a.j.t.JMeterThread: Thread finished: Thread Group 1-4
2026-01-02 14:41:06,244 INFO o.a.j.t.JMeterThread: Thread is done: Thread Group 1-1
2026-01-02 14:41:06,244 INFO o.a.j.t.JMeterThread: Thread finished: Thread Group 1-1
2026-01-02 14:41:06,250 INFO o.a.j.t.JMeterThread: Thread is done: Thread Group 1-6
2026-01-02 14:41:06,250 INFO o.a.j.t.JMeterThread: Thread finished: Thread Group 1-6
2026-01-02 14:41:06,523 INFO o.a.j.t.JMeterThread: Thread is done: Thread Group 1-7
2026-01-02 14:41:06,524 INFO o.a.j.t.JMeterThread: Thread finished: Thread Group 1-7
2026-01-02 14:41:06,839 INFO o.a.j.t.JMeterThread: Thread is done: Thread Group 1-5
2026-01-02 14:41:06,840 INFO o.a.j.t.JMeterThread: Thread finished: Thread Group 1-5
2026-01-02 14:41:07,058 INFO o.a.j.t.JMeterThread: Thread is done: Thread Group 1-9
2026-01-02 14:41:07,058 INFO o.a.j.t.JMeterThread: Thread finished: Thread Group 1-9
2026-01-02 14:41:07,390 INFO o.a.j.t.JMeterThread: Thread is done: Thread Group 1-8
2026-01-02 14:41:07,390 INFO o.a.j.t.JMeterThread: Thread finished: Thread Group 1-8
2026-01-02 14:41:07,621 INFO o.a.j.t.JMeterThread: Thread is done: Thread Group 1-10
2026-01-02 14:41:07,621 INFO o.a.j.t.JMeterThread: Thread finished: Thread Group 1-10
2026-01-02 14:41:07,622 INFO o.a.j.e.StandardJMeterEngine: Notifying test listeners of end of test
2026-01-02 14:41:07,622 INFO o.a.j.g.u.JMeterMenuBar: setRunning(false, *local*)
2026-01-02 14:41:15,780 INFO o.a.j.e.StandardJMeterEngine: Running the test!
2026-01-02 14:41:15,780 INFO o.a.j.s.SampleEvent: List of sample_variables: []
2026-01-02 14:41:15,781 INFO o.a.j.g.u.JMeterMenuBar: setRunning(true, *local*)
2026-01-02 14:41:15,825 INFO o.a.j.e.StandardJMeterEngine: Starting ThreadGroup: 1 : Thread Group
2026-01-02 14:41:15,825 INFO o.a.j.e.StandardJMeterEngine: Starting 10 threads for group Thread Group.
2026-01-02 14:41:15,825 INFO o.a.j.e.StandardJMeterEngine: Thread will continue on error
2026-01-02 14:41:15,825 INFO o.a.j.t.ThreadGroup: Starting thread group... number=1 threads=10 ramp-up=5 delayedStart=false
2026-01-02 14:41:15,827 INFO o.a.j.t.JMeterThread: Thread started: Thread Group 1-1
2026-01-02 14:41:15,832 INFO o.a.j.t.ThreadGroup: Started thread group number 1
2026-01-02 14:41:15,833 INFO o.a.j.e.StandardJMeterEngine: All thread groups have been started
2026-01-02 14:41:16,328 INFO o.a.j.t.JMeterThread: Thread started: Thread Group 1-2
2026-01-02 14:41:16,827 INFO o.a.j.t.JMeterThread: Thread started: Thread Group 1-3
2026-01-02 14:41:17,328 INFO o.a.j.t.JMeterThread: Thread started: Thread Group 1-4
2026-01-02 14:41:17,827 INFO o.a.j.t.JMeterThread: Thread started: Thread Group 1-5
2026-01-02 14:41:18,328 INFO o.a.j.t.JMeterThread: Thread started: Thread Group 1-6
2026-01-02 14:41:18,826 INFO o.a.j.t.JMeterThread: Thread started: Thread Group 1-7
2026-01-02 14:41:19,328 INFO o.a.j.t.JMeterThread: Thread started: Thread Group 1-8
2026-01-02 14:41:19,826 INFO o.a.j.t.JMeterThread: Thread started: Thread Group 1-9
2026-01-02 14:41:20,327 INFO o.a.j.t.JMeterThread: Thread started: Thread Group 1-10
2026-01-02 14:41:21,866 INFO o.a.j.t.JMeterThread: Thread is done: Thread Group 1-1
2026-01-02 14:41:21,866 INFO o.a.j.t.JMeterThread: Thread finished: Thread Group 1-1
2026-01-02 14:41:22,585 INFO o.a.j.t.JMeterThread: Thread is done: Thread Group 1-2
2026-01-02 14:41:22,586 INFO o.a.j.t.JMeterThread: Thread finished: Thread Group 1-2
2026-01-02 14:41:22,906 INFO o.a.j.t.JMeterThread: Thread is done: Thread Group 1-3
2026-01-02 14:41:22,906 INFO o.a.j.t.JMeterThread: Thread finished: Thread Group 1-3
2026-01-02 14:41:23,479 INFO o.a.j.t.JMeterThread: Thread is done: Thread Group 1-5
2026-01-02 14:41:23,479 INFO o.a.j.t.JMeterThread: Thread finished: Thread Group 1-5
2026-01-02 14:41:23,692 INFO o.a.j.t.JMeterThread: Thread is done: Thread Group 1-4
2026-01-02 14:41:23,692 INFO o.a.j.t.JMeterThread: Thread finished: Thread Group 1-4
2026-01-02 14:41:24,468 INFO o.a.j.t.JMeterThread: Thread is done: Thread Group 1-9
2026-01-02 14:41:24,468 INFO o.a.j.t.JMeterThread: Thread finished: Thread Group 1-9
2026-01-02 14:41:24,765 INFO o.a.j.t.JMeterThread: Thread is done: Thread Group 1-7
2026-01-02 14:41:24,765 INFO o.a.j.t.JMeterThread: Thread finished: Thread Group 1-7
2026-01-02 14:41:24,886 INFO o.a.j.t.JMeterThread: Thread is done: Thread Group 1-8
2026-01-02 14:41:24,886 INFO o.a.j.t.JMeterThread: Thread finished: Thread Group 1-8
2026-01-02 14:41:25,302 INFO o.a.j.t.JMeterThread: Thread is done: Thread Group 1-6
2026-01-02 14:41:25,303 INFO o.a.j.t.JMeterThread: Thread finished: Thread Group 1-6
2026-01-02 14:41:25,438 INFO o.a.j.t.JMeterThread: Thread is done: Thread Group 1-10
2026-01-02 14:41:25,438 INFO o.a.j.t.JMeterThread: Thread finished: Thread Group 1-10
2026-01-02 14:41:25,439 INFO o.a.j.e.StandardJMeterEngine: Notifying test listeners of end of test
2026-01-02 14:41:25,440 INFO o.a.j.g.u.JMeterMenuBar: setRunning(false, *local*)
